{"uuid":"6ea0ebec-3003-46ff-a38f-e0c00a48aec1","historyId":"b60c91b7b005e9e7e31c231dbc56f526","testCaseId":"9de2e8fcddbc38a35b009ffed8f70dd6","fullName":"src/test/resources/features/api/SignIn.feature:17","labels":[{"name":"tag","value":"allure.label.epic:API"},{"name":"tag","value":"allure.label.suite:Sign_In"},{"name":"tag","value":"allure.label.subSuite:Valid_Sign_In"},{"name":"host","value":"EPINHYDW12B7"},{"name":"thread","value":"28652@EPINHYDW12B7.TestNG-PoolService-3(51)"},{"name":"feature","value":"Sign In feature Scenarios"},{"name":"story","value":"Valid Sign In Scenarios"},{"name":"suite","value":"Sign In feature Scenarios"},{"name":"testClass","value":"Valid Sign In Scenarios"},{"name":"framework","value":"cucumber4jvm"},{"name":"language","value":"java"},{"name":"gherkin_uri","value":"file:///C:/Users/SrinjoySur/Personal_Practice/Contact_list_Website_automation_test_Java/com.contact_list/src/test/resources/features/api/SignIn.feature"},{"name":"package","value":"src.test.resources.features.api.SignIn_feature.Sign In feature Scenarios"}],"links":[],"name":"Valid Sign In Scenarios","status":"failed","statusDetails":{"known":false,"muted":false,"flaky":false,"message":"1 expectation failed.\nJSON path  doesn't match.\nExpected: <User(_id=68abf42d50e560001534a154, firstName=Demo, lastName=Tester, email=demo2tester@email.org, __v=12)>\n  Actual: <{user={_id=68abf42d50e560001534a154, firstName=Demo, lastName=Tester, email=demo2tester@email.org, __v=12}, token=eyJhbGciOiJIUzI1NiIsInR5cCI6IkpXVCJ9.eyJfaWQiOiI2OGFiZjQyZDUwZTU2MDAwMTUzNGExNTQiLCJpYXQiOjE3NTYxMDUzNjZ9.Wh2o3P-TUCsjtrquxQipS6NABs1ruANeW560T8S6yRs}>\n","trace":"java.lang.AssertionError: 1 expectation failed.\nJSON path  doesn't match.\nExpected: <User(_id=68abf42d50e560001534a154, firstName=Demo, lastName=Tester, email=demo2tester@email.org, __v=12)>\n  Actual: <{user={_id=68abf42d50e560001534a154, firstName=Demo, lastName=Tester, email=demo2tester@email.org, __v=12}, token=eyJhbGciOiJIUzI1NiIsInR5cCI6IkpXVCJ9.eyJfaWQiOiI2OGFiZjQyZDUwZTU2MDAwMTUzNGExNTQiLCJpYXQiOjE3NTYxMDUzNjZ9.Wh2o3P-TUCsjtrquxQipS6NABs1ruANeW560T8S6yRs}>\n\r\n\tat java.base/jdk.internal.reflect.DirectConstructorHandleAccessor.newInstance(DirectConstructorHandleAccessor.java:62)\r\n\tat java.base/java.lang.reflect.Constructor.newInstanceWithCaller(Constructor.java:501)\r\n\tat java.base/java.lang.reflect.Constructor.newInstance(Constructor.java:485)\r\n\tat org.codehaus.groovy.reflection.CachedConstructor.invoke(CachedConstructor.java:73)\r\n\tat org.codehaus.groovy.runtime.callsite.ConstructorSite$ConstructorSiteNoUnwrapNoCoerce.callConstructor(ConstructorSite.java:108)\r\n\tat org.codehaus.groovy.runtime.callsite.CallSiteArray.defaultCallConstructor(CallSiteArray.java:57)\r\n\tat org.codehaus.groovy.runtime.callsite.AbstractCallSite.callConstructor(AbstractCallSite.java:263)\r\n\tat org.codehaus.groovy.runtime.callsite.AbstractCallSite.callConstructor(AbstractCallSite.java:277)\r\n\tat io.restassured.internal.ResponseSpecificationImpl$HamcrestAssertionClosure.validate(ResponseSpecificationImpl.groovy:512)\r\n\tat io.restassured.internal.ResponseSpecificationImpl$HamcrestAssertionClosure$validate$5.call(Unknown Source)\r\n\tat io.restassured.internal.ResponseSpecificationImpl.validateResponseIfRequired(ResponseSpecificationImpl.groovy:696)\r\n\tat io.restassured.internal.ResponseSpecificationImpl.this$2$validateResponseIfRequired(ResponseSpecificationImpl.groovy)\r\n\tat java.base/jdk.internal.reflect.DirectMethodHandleAccessor.invoke(DirectMethodHandleAccessor.java:103)\r\n\tat java.base/java.lang.reflect.Method.invoke(Method.java:580)\r\n\tat org.codehaus.groovy.runtime.callsite.PlainObjectMetaMethodSite.doInvoke(PlainObjectMetaMethodSite.java:43)\r\n\tat org.codehaus.groovy.runtime.callsite.PogoMetaMethodSite$PogoCachedMethodSiteNoUnwrapNoCoerce.invoke(PogoMetaMethodSite.java:198)\r\n\tat org.codehaus.groovy.runtime.callsite.PogoMetaMethodSite.callCurrent(PogoMetaMethodSite.java:62)\r\n\tat org.codehaus.groovy.runtime.callsite.AbstractCallSite.callCurrent(AbstractCallSite.java:185)\r\n\tat io.restassured.internal.ResponseSpecificationImpl.body(ResponseSpecificationImpl.groovy:270)\r\n\tat io.restassured.specification.ResponseSpecification$body$5.callCurrent(Unknown Source)\r\n\tat org.codehaus.groovy.runtime.callsite.CallSiteArray.defaultCallCurrent(CallSiteArray.java:49)\r\n\tat io.restassured.specification.ResponseSpecification$body$5.callCurrent(Unknown Source)\r\n\tat io.restassured.internal.ResponseSpecificationImpl.body(ResponseSpecificationImpl.groovy:117)\r\n\tat io.restassured.internal.ValidatableResponseOptionsImpl.body(ValidatableResponseOptionsImpl.java:244)\r\n\tat com.contact_list.api.stepdefinitions.SignInSteps.userReceivesDetailsOfAccountInResponseAnd(SignInSteps.java:64)\r\n\tat ✽.User receives details of account in response \"Demo\", \"Tester\" and \"demo2tester@email.org\"(file:///C:/Users/SrinjoySur/Personal_Practice/Contact_list_Website_automation_test_Java/com.contact_list/src/test/resources/features/api/SignIn.feature:12)\r\n"},"stage":"finished","steps":[{"name":"Given User has request specifications ready for Sign","status":"passed","statusDetails":{"known":false,"muted":false,"flaky":false},"stage":"finished","steps":[],"attachments":[],"parameters":[],"start":1756105360483,"stop":1756105360839},{"name":"When User sends a post request to Sign In endpoint with credentials \"demo2tester@email.org\" and \"@Demo123\"","status":"passed","statusDetails":{"known":false,"muted":false,"flaky":false},"stage":"finished","steps":[],"attachments":[],"parameters":[],"start":1756105360841,"stop":1756105363621},{"name":"Then User receives OK response","status":"passed","statusDetails":{"known":false,"muted":false,"flaky":false},"stage":"finished","steps":[],"attachments":[],"parameters":[],"start":1756105363621,"stop":1756105363622},{"name":"And User receives a token in response body","status":"passed","statusDetails":{"known":false,"muted":false,"flaky":false},"stage":"finished","steps":[],"attachments":[],"parameters":[],"start":1756105363622,"stop":1756105364183},{"name":"And User validates that the response received is of valid json format","status":"passed","statusDetails":{"known":false,"muted":false,"flaky":false},"stage":"finished","steps":[],"attachments":[],"parameters":[],"start":1756105364184,"stop":1756105364377},{"name":"And User receives details of account in response \"Demo\", \"Tester\" and \"demo2tester@email.org\"","status":"failed","statusDetails":{"known":false,"muted":false,"flaky":false,"message":"1 expectation failed.\nJSON path  doesn't match.\nExpected: <User(_id=68abf42d50e560001534a154, firstName=Demo, lastName=Tester, email=demo2tester@email.org, __v=12)>\n  Actual: <{user={_id=68abf42d50e560001534a154, firstName=Demo, lastName=Tester, email=demo2tester@email.org, __v=12}, token=eyJhbGciOiJIUzI1NiIsInR5cCI6IkpXVCJ9.eyJfaWQiOiI2OGFiZjQyZDUwZTU2MDAwMTUzNGExNTQiLCJpYXQiOjE3NTYxMDUzNjZ9.Wh2o3P-TUCsjtrquxQipS6NABs1ruANeW560T8S6yRs}>\n","trace":"java.lang.AssertionError: 1 expectation failed.\nJSON path  doesn't match.\nExpected: <User(_id=68abf42d50e560001534a154, firstName=Demo, lastName=Tester, email=demo2tester@email.org, __v=12)>\n  Actual: <{user={_id=68abf42d50e560001534a154, firstName=Demo, lastName=Tester, email=demo2tester@email.org, __v=12}, token=eyJhbGciOiJIUzI1NiIsInR5cCI6IkpXVCJ9.eyJfaWQiOiI2OGFiZjQyZDUwZTU2MDAwMTUzNGExNTQiLCJpYXQiOjE3NTYxMDUzNjZ9.Wh2o3P-TUCsjtrquxQipS6NABs1ruANeW560T8S6yRs}>\n\r\n\tat java.base/jdk.internal.reflect.DirectConstructorHandleAccessor.newInstance(DirectConstructorHandleAccessor.java:62)\r\n\tat java.base/java.lang.reflect.Constructor.newInstanceWithCaller(Constructor.java:501)\r\n\tat java.base/java.lang.reflect.Constructor.newInstance(Constructor.java:485)\r\n\tat org.codehaus.groovy.reflection.CachedConstructor.invoke(CachedConstructor.java:73)\r\n\tat org.codehaus.groovy.runtime.callsite.ConstructorSite$ConstructorSiteNoUnwrapNoCoerce.callConstructor(ConstructorSite.java:108)\r\n\tat org.codehaus.groovy.runtime.callsite.CallSiteArray.defaultCallConstructor(CallSiteArray.java:57)\r\n\tat org.codehaus.groovy.runtime.callsite.AbstractCallSite.callConstructor(AbstractCallSite.java:263)\r\n\tat org.codehaus.groovy.runtime.callsite.AbstractCallSite.callConstructor(AbstractCallSite.java:277)\r\n\tat io.restassured.internal.ResponseSpecificationImpl$HamcrestAssertionClosure.validate(ResponseSpecificationImpl.groovy:512)\r\n\tat io.restassured.internal.ResponseSpecificationImpl$HamcrestAssertionClosure$validate$5.call(Unknown Source)\r\n\tat io.restassured.internal.ResponseSpecificationImpl.validateResponseIfRequired(ResponseSpecificationImpl.groovy:696)\r\n\tat io.restassured.internal.ResponseSpecificationImpl.this$2$validateResponseIfRequired(ResponseSpecificationImpl.groovy)\r\n\tat java.base/jdk.internal.reflect.DirectMethodHandleAccessor.invoke(DirectMethodHandleAccessor.java:103)\r\n\tat java.base/java.lang.reflect.Method.invoke(Method.java:580)\r\n\tat org.codehaus.groovy.runtime.callsite.PlainObjectMetaMethodSite.doInvoke(PlainObjectMetaMethodSite.java:43)\r\n\tat org.codehaus.groovy.runtime.callsite.PogoMetaMethodSite$PogoCachedMethodSiteNoUnwrapNoCoerce.invoke(PogoMetaMethodSite.java:198)\r\n\tat org.codehaus.groovy.runtime.callsite.PogoMetaMethodSite.callCurrent(PogoMetaMethodSite.java:62)\r\n\tat org.codehaus.groovy.runtime.callsite.AbstractCallSite.callCurrent(AbstractCallSite.java:185)\r\n\tat io.restassured.internal.ResponseSpecificationImpl.body(ResponseSpecificationImpl.groovy:270)\r\n\tat io.restassured.specification.ResponseSpecification$body$5.callCurrent(Unknown Source)\r\n\tat org.codehaus.groovy.runtime.callsite.CallSiteArray.defaultCallCurrent(CallSiteArray.java:49)\r\n\tat io.restassured.specification.ResponseSpecification$body$5.callCurrent(Unknown Source)\r\n\tat io.restassured.internal.ResponseSpecificationImpl.body(ResponseSpecificationImpl.groovy:117)\r\n\tat io.restassured.internal.ValidatableResponseOptionsImpl.body(ValidatableResponseOptionsImpl.java:244)\r\n\tat com.contact_list.api.stepdefinitions.SignInSteps.userReceivesDetailsOfAccountInResponseAnd(SignInSteps.java:64)\r\n\tat ✽.User receives details of account in response \"Demo\", \"Tester\" and \"demo2tester@email.org\"(file:///C:/Users/SrinjoySur/Personal_Practice/Contact_list_Website_automation_test_Java/com.contact_list/src/test/resources/features/api/SignIn.feature:12)\r\n"},"stage":"finished","steps":[],"attachments":[],"parameters":[],"start":1756105364378,"stop":1756105364468}],"attachments":[],"parameters":[{"name":"email","value":"demo2tester@email.org"},{"name":"password","value":"@Demo123"},{"name":"firstName","value":"Demo"},{"name":"lastName","value":"Tester"}],"start":1756105360481,"stop":1756105364530}