{"uuid":"edff26ee-9493-4175-82ce-2b511731e9f6","historyId":"b883e6511302e0a8f0617e14e323145a","testCaseId":"9de2e8fcddbc38a35b009ffed8f70dd6","fullName":"src/test/resources/features/api/SignIn.feature:16","labels":[{"name":"tag","value":"allure.label.epic:API"},{"name":"tag","value":"allure.label.suite:Sign_In"},{"name":"tag","value":"allure.label.subSuite:Valid_Sign_In"},{"name":"host","value":"EPINHYDW12B7"},{"name":"thread","value":"28652@EPINHYDW12B7.TestNG-PoolService-2(50)"},{"name":"feature","value":"Sign In feature Scenarios"},{"name":"story","value":"Valid Sign In Scenarios"},{"name":"suite","value":"Sign In feature Scenarios"},{"name":"testClass","value":"Valid Sign In Scenarios"},{"name":"framework","value":"cucumber4jvm"},{"name":"language","value":"java"},{"name":"gherkin_uri","value":"file:///C:/Users/SrinjoySur/Personal_Practice/Contact_list_Website_automation_test_Java/com.contact_list/src/test/resources/features/api/SignIn.feature"},{"name":"package","value":"src.test.resources.features.api.SignIn_feature.Sign In feature Scenarios"}],"links":[],"name":"Valid Sign In Scenarios","status":"failed","statusDetails":{"known":false,"muted":false,"flaky":false,"message":"1 expectation failed.\nJSON path  doesn't match.\nExpected: <User(_id=68abf3c250e560001534a14f, firstName=Demo, lastName=Tester, email=demo_tester@email.com, __v=13)>\n  Actual: <{user={_id=68abf3c250e560001534a14f, firstName=Demo, lastName=Tester, email=demo_tester@email.com, __v=13}, token=eyJhbGciOiJIUzI1NiIsInR5cCI6IkpXVCJ9.eyJfaWQiOiI2OGFiZjNjMjUwZTU2MDAwMTUzNGExNGYiLCJpYXQiOjE3NTYxMDUzNjZ9.ZuYBS7j49uw9kMi67o_SATjP75l6yMb6L4_Uz2A1fuo}>\n","trace":"java.lang.AssertionError: 1 expectation failed.\nJSON path  doesn't match.\nExpected: <User(_id=68abf3c250e560001534a14f, firstName=Demo, lastName=Tester, email=demo_tester@email.com, __v=13)>\n  Actual: <{user={_id=68abf3c250e560001534a14f, firstName=Demo, lastName=Tester, email=demo_tester@email.com, __v=13}, token=eyJhbGciOiJIUzI1NiIsInR5cCI6IkpXVCJ9.eyJfaWQiOiI2OGFiZjNjMjUwZTU2MDAwMTUzNGExNGYiLCJpYXQiOjE3NTYxMDUzNjZ9.ZuYBS7j49uw9kMi67o_SATjP75l6yMb6L4_Uz2A1fuo}>\n\r\n\tat java.base/jdk.internal.reflect.DirectConstructorHandleAccessor.newInstance(DirectConstructorHandleAccessor.java:62)\r\n\tat java.base/java.lang.reflect.Constructor.newInstanceWithCaller(Constructor.java:501)\r\n\tat java.base/java.lang.reflect.Constructor.newInstance(Constructor.java:485)\r\n\tat org.codehaus.groovy.reflection.CachedConstructor.invoke(CachedConstructor.java:73)\r\n\tat org.codehaus.groovy.runtime.callsite.ConstructorSite$ConstructorSiteNoUnwrapNoCoerce.callConstructor(ConstructorSite.java:108)\r\n\tat org.codehaus.groovy.runtime.callsite.CallSiteArray.defaultCallConstructor(CallSiteArray.java:57)\r\n\tat org.codehaus.groovy.runtime.callsite.AbstractCallSite.callConstructor(AbstractCallSite.java:263)\r\n\tat org.codehaus.groovy.runtime.callsite.AbstractCallSite.callConstructor(AbstractCallSite.java:277)\r\n\tat io.restassured.internal.ResponseSpecificationImpl$HamcrestAssertionClosure.validate(ResponseSpecificationImpl.groovy:512)\r\n\tat io.restassured.internal.ResponseSpecificationImpl$HamcrestAssertionClosure$validate$5.call(Unknown Source)\r\n\tat io.restassured.internal.ResponseSpecificationImpl.validateResponseIfRequired(ResponseSpecificationImpl.groovy:696)\r\n\tat io.restassured.internal.ResponseSpecificationImpl.this$2$validateResponseIfRequired(ResponseSpecificationImpl.groovy)\r\n\tat java.base/jdk.internal.reflect.DirectMethodHandleAccessor.invoke(DirectMethodHandleAccessor.java:103)\r\n\tat java.base/java.lang.reflect.Method.invoke(Method.java:580)\r\n\tat org.codehaus.groovy.runtime.callsite.PlainObjectMetaMethodSite.doInvoke(PlainObjectMetaMethodSite.java:43)\r\n\tat org.codehaus.groovy.runtime.callsite.PogoMetaMethodSite$PogoCachedMethodSiteNoUnwrapNoCoerce.invoke(PogoMetaMethodSite.java:198)\r\n\tat org.codehaus.groovy.runtime.callsite.PogoMetaMethodSite.callCurrent(PogoMetaMethodSite.java:62)\r\n\tat org.codehaus.groovy.runtime.callsite.AbstractCallSite.callCurrent(AbstractCallSite.java:185)\r\n\tat io.restassured.internal.ResponseSpecificationImpl.body(ResponseSpecificationImpl.groovy:270)\r\n\tat io.restassured.specification.ResponseSpecification$body$5.callCurrent(Unknown Source)\r\n\tat org.codehaus.groovy.runtime.callsite.CallSiteArray.defaultCallCurrent(CallSiteArray.java:49)\r\n\tat io.restassured.specification.ResponseSpecification$body$5.callCurrent(Unknown Source)\r\n\tat io.restassured.internal.ResponseSpecificationImpl.body(ResponseSpecificationImpl.groovy:117)\r\n\tat io.restassured.internal.ValidatableResponseOptionsImpl.body(ValidatableResponseOptionsImpl.java:244)\r\n\tat com.contact_list.api.stepdefinitions.SignInSteps.userReceivesDetailsOfAccountInResponseAnd(SignInSteps.java:64)\r\n\tat ✽.User receives details of account in response \"Demo\", \"Tester\" and \"demo_tester@email.com\"(file:///C:/Users/SrinjoySur/Personal_Practice/Contact_list_Website_automation_test_Java/com.contact_list/src/test/resources/features/api/SignIn.feature:12)\r\n"},"stage":"finished","steps":[{"name":"Given User has request specifications ready for Sign","status":"passed","statusDetails":{"known":false,"muted":false,"flaky":false},"stage":"finished","steps":[],"attachments":[],"parameters":[],"start":1756105360482,"stop":1756105360839},{"name":"When User sends a post request to Sign In endpoint with credentials \"demo_tester@email.com\" and \"#Demo123\"","status":"passed","statusDetails":{"known":false,"muted":false,"flaky":false},"stage":"finished","steps":[],"attachments":[],"parameters":[],"start":1756105360841,"stop":1756105363646},{"name":"Then User receives OK response","status":"passed","statusDetails":{"known":false,"muted":false,"flaky":false},"stage":"finished","steps":[],"attachments":[],"parameters":[],"start":1756105363646,"stop":1756105363647},{"name":"And User receives a token in response body","status":"passed","statusDetails":{"known":false,"muted":false,"flaky":false},"stage":"finished","steps":[],"attachments":[],"parameters":[],"start":1756105363647,"stop":1756105364184},{"name":"And User validates that the response received is of valid json format","status":"passed","statusDetails":{"known":false,"muted":false,"flaky":false},"stage":"finished","steps":[],"attachments":[],"parameters":[],"start":1756105364184,"stop":1756105364377},{"name":"And User receives details of account in response \"Demo\", \"Tester\" and \"demo_tester@email.com\"","status":"failed","statusDetails":{"known":false,"muted":false,"flaky":false,"message":"1 expectation failed.\nJSON path  doesn't match.\nExpected: <User(_id=68abf3c250e560001534a14f, firstName=Demo, lastName=Tester, email=demo_tester@email.com, __v=13)>\n  Actual: <{user={_id=68abf3c250e560001534a14f, firstName=Demo, lastName=Tester, email=demo_tester@email.com, __v=13}, token=eyJhbGciOiJIUzI1NiIsInR5cCI6IkpXVCJ9.eyJfaWQiOiI2OGFiZjNjMjUwZTU2MDAwMTUzNGExNGYiLCJpYXQiOjE3NTYxMDUzNjZ9.ZuYBS7j49uw9kMi67o_SATjP75l6yMb6L4_Uz2A1fuo}>\n","trace":"java.lang.AssertionError: 1 expectation failed.\nJSON path  doesn't match.\nExpected: <User(_id=68abf3c250e560001534a14f, firstName=Demo, lastName=Tester, email=demo_tester@email.com, __v=13)>\n  Actual: <{user={_id=68abf3c250e560001534a14f, firstName=Demo, lastName=Tester, email=demo_tester@email.com, __v=13}, token=eyJhbGciOiJIUzI1NiIsInR5cCI6IkpXVCJ9.eyJfaWQiOiI2OGFiZjNjMjUwZTU2MDAwMTUzNGExNGYiLCJpYXQiOjE3NTYxMDUzNjZ9.ZuYBS7j49uw9kMi67o_SATjP75l6yMb6L4_Uz2A1fuo}>\n\r\n\tat java.base/jdk.internal.reflect.DirectConstructorHandleAccessor.newInstance(DirectConstructorHandleAccessor.java:62)\r\n\tat java.base/java.lang.reflect.Constructor.newInstanceWithCaller(Constructor.java:501)\r\n\tat java.base/java.lang.reflect.Constructor.newInstance(Constructor.java:485)\r\n\tat org.codehaus.groovy.reflection.CachedConstructor.invoke(CachedConstructor.java:73)\r\n\tat org.codehaus.groovy.runtime.callsite.ConstructorSite$ConstructorSiteNoUnwrapNoCoerce.callConstructor(ConstructorSite.java:108)\r\n\tat org.codehaus.groovy.runtime.callsite.CallSiteArray.defaultCallConstructor(CallSiteArray.java:57)\r\n\tat org.codehaus.groovy.runtime.callsite.AbstractCallSite.callConstructor(AbstractCallSite.java:263)\r\n\tat org.codehaus.groovy.runtime.callsite.AbstractCallSite.callConstructor(AbstractCallSite.java:277)\r\n\tat io.restassured.internal.ResponseSpecificationImpl$HamcrestAssertionClosure.validate(ResponseSpecificationImpl.groovy:512)\r\n\tat io.restassured.internal.ResponseSpecificationImpl$HamcrestAssertionClosure$validate$5.call(Unknown Source)\r\n\tat io.restassured.internal.ResponseSpecificationImpl.validateResponseIfRequired(ResponseSpecificationImpl.groovy:696)\r\n\tat io.restassured.internal.ResponseSpecificationImpl.this$2$validateResponseIfRequired(ResponseSpecificationImpl.groovy)\r\n\tat java.base/jdk.internal.reflect.DirectMethodHandleAccessor.invoke(DirectMethodHandleAccessor.java:103)\r\n\tat java.base/java.lang.reflect.Method.invoke(Method.java:580)\r\n\tat org.codehaus.groovy.runtime.callsite.PlainObjectMetaMethodSite.doInvoke(PlainObjectMetaMethodSite.java:43)\r\n\tat org.codehaus.groovy.runtime.callsite.PogoMetaMethodSite$PogoCachedMethodSiteNoUnwrapNoCoerce.invoke(PogoMetaMethodSite.java:198)\r\n\tat org.codehaus.groovy.runtime.callsite.PogoMetaMethodSite.callCurrent(PogoMetaMethodSite.java:62)\r\n\tat org.codehaus.groovy.runtime.callsite.AbstractCallSite.callCurrent(AbstractCallSite.java:185)\r\n\tat io.restassured.internal.ResponseSpecificationImpl.body(ResponseSpecificationImpl.groovy:270)\r\n\tat io.restassured.specification.ResponseSpecification$body$5.callCurrent(Unknown Source)\r\n\tat org.codehaus.groovy.runtime.callsite.CallSiteArray.defaultCallCurrent(CallSiteArray.java:49)\r\n\tat io.restassured.specification.ResponseSpecification$body$5.callCurrent(Unknown Source)\r\n\tat io.restassured.internal.ResponseSpecificationImpl.body(ResponseSpecificationImpl.groovy:117)\r\n\tat io.restassured.internal.ValidatableResponseOptionsImpl.body(ValidatableResponseOptionsImpl.java:244)\r\n\tat com.contact_list.api.stepdefinitions.SignInSteps.userReceivesDetailsOfAccountInResponseAnd(SignInSteps.java:64)\r\n\tat ✽.User receives details of account in response \"Demo\", \"Tester\" and \"demo_tester@email.com\"(file:///C:/Users/SrinjoySur/Personal_Practice/Contact_list_Website_automation_test_Java/com.contact_list/src/test/resources/features/api/SignIn.feature:12)\r\n"},"stage":"finished","steps":[],"attachments":[],"parameters":[],"start":1756105364377,"stop":1756105364466}],"attachments":[],"parameters":[{"name":"email","value":"demo_tester@email.com"},{"name":"password","value":"#Demo123"},{"name":"firstName","value":"Demo"},{"name":"lastName","value":"Tester"}],"start":1756105360478,"stop":1756105364476}